<?xml version="1.0" encoding="UTF-8"?>
<!-- Generated by org.testng.reporters.JUnitXMLReporter -->
<testsuite hostname="DESKTOP-PBV7T5P" ignored="0" name="RetryMulitple" tests="4" failures="1" timestamp="04 Jan 2020 07:51:27 GMT" time="31.651" errors="0">
  <testcase name="verifySingInButtonText" time="5.201" classname="testNGFailedTestRerun.FailRerunExample"/>
  <testcase name="verifyForgotPasswordText" time="3.686" classname="testNGFailedTestRerun.FailRerunExample">
    <skipped/>
  </testcase> <!-- verifyForgotPasswordText -->
  <testcase name="verifyForgotPasswordText" time="3.566" classname="testNGFailedTestRerun.FailRerunExample">
    <skipped/>
  </testcase> <!-- verifyForgotPasswordText -->
  <testcase name="verifyForgotPasswordText" time="3.533" classname="testNGFailedTestRerun.FailRerunExample">
    <failure type="java.lang.AssertionError" message="expected [Wrong text] but found [Forgot password?]">
      <![CDATA[java.lang.AssertionError: expected [Wrong text] but found [Forgot password?]
	at testNGFailedTestRerun.FailRerunExample.verifyForgotPasswordText(FailRerunExample.java:58)
... Removed 31 stack frames]]>
    </failure>
  </testcase> <!-- verifyForgotPasswordText -->
</testsuite> <!-- RetryMulitple -->
